============================================================
🔄 日志轮转完成 - 2026-05-16 08:00:20
📁 日志已备份至: dcf.20260515.log
============================================================
🧹 日志清理完成：共匹配 8 份，保留 7 份，删除 1 份
🗑️ 已删除旧日志: dcf.20260508.log
============================================================
📌每日快照内容:
============================================================
🎯 每日快照 - 2026-05-16 08:00:20

🟢[INFO]【南方DCF】 (SZ159232)
🕒时间: 2026.05.16.08:00
🍭区间: BOX_ZONE
💲当前: 1.286,上次:1.312（b）
⚖️持仓: 0%,成本: 0.251, 目标: 10%, 上限: 20%
🔀MA150=1.188(p), sell=1.426, Clear=1.783
📦箱体网格: 未开启
⏳动态K=0.920，横盘评分=0.53

🟢[INFO]【电信】 (HK00728)
🕒时间: 2026.05.16.08:00
🍭区间: BOX_ZONE
💲当前: 5.320,上次:5.460（b）
⚖️持仓: 10%,成本: 5.050, 目标: 10%, 上限: 20%
🔀MA150=4.819(f), sell=5.783, Clear=7.229
📦箱体网格: 未开启
⏳动态K=0.913，横盘评分=0.37

🟢[INFO]【海油】 (SH600938)
🕒时间: 2026.05.16.08:00
🍭区间: BOX_ZONE
💲当前: 36.510,上次:36.190（b）
⚖️持仓: 5%,成本: 36.510, 目标: 10%, 上限: 20%
🔀MA150=30.690(f), sell=36.828, Clear=46.035
📦箱体网格: 未开启
⏳动态K=0.934，横盘评分=0.16

🟢[INFO]【招行】 (SH600036)
🕒时间: 2026.05.16.08:00
🍭区间: BOX_ZONE
💲当前: 37.650,上次:37.900（b）
⚖️持仓: 8%,成本: 39.870, 目标: 10%, 上限: 20%
🔀MA150=34.910(f), sell=41.892, Clear=52.365
📦箱体网格: 未开启
⏳动态K=0.862，横盘评分=0.88

🟢[INFO]【永新】 (SZ002014)
🕒时间: 2026.05.16.08:00
🍭区间: BOX_ZONE
💲当前: 11.410,上次:11.650（b）
⚖️持仓: 10%,成本: 11.990, 目标: 10%, 上限: 20%
🔀MA150=11.137(f), sell=13.364, Clear=16.705
📦箱体网格: 未开启
⏳动态K=0.947，横盘评分=0.03

🟢[INFO]【纳指ETF】 (SZ159696)
🕒时间: 2026.05.16.08:00
🍭区间: BOX_ZONE
💲当前: 0.193,上次:0.192（b）
⚖️持仓: 10%,成本: 1.742, 目标: 10%, 上限: 20%
🔀MA150=0.161(f), sell=0.193, Clear=0.242
📦箱体网格: 未开启
⏳动态K=0.937，横盘评分=0.13

🟢[INFO]【海控】 (HK01919)
🕒时间: 2026.05.16.08:00
🍭区间: BOX_ZONE
💲当前: 14.830,上次:14.740（b）
⚖️持仓: 10%,成本: 14.740, 目标: 10%, 上限: 20%
🔀MA150=12.954(f), sell=15.544, Clear=19.431
📦箱体网格: 未开启
⏳动态K=0.931，横盘评分=0.19

🟢[INFO]【青岛港】 (SH601298)
🕒时间: 2026.05.16.08:00
🍭区间: BOX_ZONE
💲当前: 8.890,上次:9.070（b）
⚖️持仓: 10%,成本: 8.900, 目标: 10%, 上限: 20%
🔀MA150=7.845(f), sell=9.414, Clear=11.767
📦箱体网格: 未开启
⏳动态K=0.891，横盘评分=0.59

🟢[INFO]【陕能】 (SZ001286)
🕒时间: 2026.05.16.08:00
🍭区间: BOX_ZONE
💲当前: 11.490,上次:12.020（b）
⚖️持仓: 5%,成本: 11.490, 目标: 10%, 上限: 20%
🔀MA150=9.763(f), sell=11.715, Clear=14.644
📦箱体网格: 未开启
⏳动态K=0.950，横盘评分=0.00

🟢[INFO]【福耀】 (SH600660)
🕒时间: 2026.05.16.08:00
🍭区间: CHANCE_ZONE
💲当前: 56.000,上次:59.450（b）
⚖️持仓: 10%,成本: 59.101, 目标: 10%, 上限: 20%
🔀MA150=57.600(f), sell=69.120, Clear=86.400
🧱机会倒金字塔: 已开启，加仓0/8步，步长5%
⏳动态K=0.924，横盘评分=0.26

🟢[INFO]【腾讯】 (HK00700)
🕒时间: 2026.05.16.08:00
🍭区间: CHANCE_ZONE
💲当前: 456.400,上次:457.200（b）
⚖️持仓: 20%,成本: 483.600, 目标: 20%, 上限: 40%
🔀MA150=537.938(f), sell=645.526, Clear=753.114
🧱机会倒金字塔: 已开启，加仓0/8步，步长2.5%
⏳动态K=0.949，横盘评分=0.01

🟢[INFO]【紫金】 (SH601899)
🕒时间: 2026.05.16.08:00
🍭区间: BOX_ZONE
💲当前: 31.840,上次:34.580（b）
⚖️持仓: 7.5%,成本: 30.000, 目标: 10%, 上限: 20%
🔀MA150=31.555(f), sell=37.867, Clear=47.333
📦箱体网格: 未开启
⏳动态K=0.940，横盘评分=0.10

🟢[INFO]【铺子】 (SZ002847)
🕒时间: 2026.05.16.08:00
🍭区间: CHANCE_ZONE
💲当前: 56.000,上次:56.200（b）
⚖️持仓: 5%,成本: 55.160, 目标: 5%, 上限: 10%
🔀MA150=63.291(f), sell=75.949, Clear=94.936
🧱机会倒金字塔: 已开启，加仓0/8步，步长5%
⏳动态K=0.950，横盘评分=0.00
============================================================
✅ ntfy 推送成功。
✅ 每日快照推送成功
============================================================
✅ 日志轮转与快照推送完成
🕒 下次轮转时间: 明天 09:00
============================================================
🟢[INFO]【南方DCF】 (SZ159232)
🕒时间: 2026.05.16.09:25
🍭区间: BOX_ZONE
💲当前: 1.286,上次:1.312（b）
⚖️持仓: 0%,成本: 0.251, 目标: 10%, 上限: 20%
🔀MA150=1.188(p), sell=1.426, Clear=1.783
📦箱体网格: 未开启
⏳动态K=0.920，横盘评分=0.53
🟢[INFO]【电信】 (HK00728)
🕒时间: 2026.05.16.09:25
🍭区间: BOX_ZONE
💲当前: 5.320,上次:5.460（b）
⚖️持仓: 10%,成本: 5.050, 目标: 10%, 上限: 20%
🔀MA150=4.819(f), sell=5.783, Clear=7.229
📦箱体网格: 未开启
⏳动态K=0.913，横盘评分=0.37
🟢[INFO]【海油】 (SH600938)
🕒时间: 2026.05.16.09:25
🍭区间: BOX_ZONE
💲当前: 36.510,上次:36.190（b）
⚖️持仓: 5%,成本: 36.510, 目标: 10%, 上限: 20%
🔀MA150=30.690(f), sell=36.828, Clear=46.035
📦箱体网格: 未开启
⏳动态K=0.934，横盘评分=0.16
🟢[INFO]【招行】 (SH600036)
🕒时间: 2026.05.16.09:25
🍭区间: BOX_ZONE
💲当前: 37.650,上次:37.900（b）
⚖️持仓: 8%,成本: 39.870, 目标: 10%, 上限: 20%
🔀MA150=34.910(f), sell=41.892, Clear=52.365
📦箱体网格: 未开启
⏳动态K=0.862，横盘评分=0.88
🟢[INFO]【永新】 (SZ002014)
🕒时间: 2026.05.16.09:25
🍭区间: BOX_ZONE
💲当前: 11.410,上次:11.650（b）
⚖️持仓: 10%,成本: 11.990, 目标: 10%, 上限: 20%
🔀MA150=11.137(f), sell=13.364, Clear=16.705
📦箱体网格: 未开启
⏳动态K=0.947，横盘评分=0.03
🟢[INFO]【纳指ETF】 (SZ159696)
🕒时间: 2026.05.16.09:25
🍭区间: BOX_ZONE
💲当前: 0.193,上次:0.192（b）
⚖️持仓: 10%,成本: 1.742, 目标: 10%, 上限: 20%
🔀MA150=0.161(f), sell=0.193, Clear=0.242
📦箱体网格: 未开启
⏳动态K=0.937，横盘评分=0.13
🟢[INFO]【海控】 (HK01919)
🕒时间: 2026.05.16.09:25
🍭区间: BOX_ZONE
💲当前: 14.830,上次:14.740（b）
⚖️持仓: 10%,成本: 14.740, 目标: 10%, 上限: 20%
🔀MA150=12.954(f), sell=15.544, Clear=19.431
📦箱体网格: 未开启
⏳动态K=0.931，横盘评分=0.19
🟢[INFO]【青岛港】 (SH601298)
🕒时间: 2026.05.16.09:25
🍭区间: BOX_ZONE
💲当前: 8.890,上次:9.070（b）
⚖️持仓: 10%,成本: 8.900, 目标: 10%, 上限: 20%
🔀MA150=7.845(f), sell=9.414, Clear=11.767
📦箱体网格: 未开启
⏳动态K=0.891，横盘评分=0.59
🟢[INFO]【陕能】 (SZ001286)
🕒时间: 2026.05.16.09:25
🍭区间: BOX_ZONE
💲当前: 11.490,上次:12.020（b）
⚖️持仓: 5%,成本: 11.490, 目标: 10%, 上限: 20%
🔀MA150=9.763(f), sell=11.715, Clear=14.644
📦箱体网格: 未开启
⏳动态K=0.950，横盘评分=0.00
🟢[INFO]【福耀】 (SH600660)
🕒时间: 2026.05.16.09:25
🍭区间: CHANCE_ZONE
💲当前: 56.000,上次:59.450（b）
⚖️持仓: 10%,成本: 59.101, 目标: 10%, 上限: 20%
🔀MA150=57.600(f), sell=69.120, Clear=86.400
🧱机会倒金字塔: 已开启，加仓0/8步，步长5%
⏳动态K=0.924，横盘评分=0.26
🟢[INFO]【腾讯】 (HK00700)
🕒时间: 2026.05.16.09:25
🍭区间: CHANCE_ZONE
💲当前: 456.400,上次:457.200（b）
⚖️持仓: 20%,成本: 483.600, 目标: 20%, 上限: 40%
🔀MA150=537.938(f), sell=645.526, Clear=753.114
🧱机会倒金字塔: 已开启，加仓0/8步，步长2.5%
⏳动态K=0.949，横盘评分=0.01
🟢[INFO]【紫金】 (SH601899)
🕒时间: 2026.05.16.09:25
🍭区间: BOX_ZONE
💲当前: 31.840,上次:34.580（b）
⚖️持仓: 7.5%,成本: 30.000, 目标: 10%, 上限: 20%
🔀MA150=31.555(f), sell=37.867, Clear=47.333
📦箱体网格: 未开启
⏳动态K=0.940，横盘评分=0.10
🟢[INFO]【铺子】 (SZ002847)
🕒时间: 2026.05.16.09:25
🍭区间: CHANCE_ZONE
💲当前: 56.000,上次:56.200（b）
⚖️持仓: 5%,成本: 55.160, 目标: 5%, 上限: 10%
🔀MA150=63.291(f), sell=75.949, Clear=94.936
🧱机会倒金字塔: 已开启，加仓0/8步，步长5%
⏳动态K=0.950，横盘评分=0.00
🟢[INFO]【南方DCF】 (SZ159232)
🕒时间: 2026.05.16.09:26
🍭区间: BOX_ZONE
💲当前: 1.286,上次:1.312（b）
⚖️持仓: 0%,成本: 0.251, 目标: 10%, 上限: 20%
🔀MA150=1.188(p), sell=1.426, Clear=1.783
📦箱体网格: 未开启
⏳动态K=0.920，横盘评分=0.53
🟢[INFO]【电信】 (HK00728)
🕒时间: 2026.05.16.09:26
🍭区间: BOX_ZONE
💲当前: 5.320,上次:5.460（b）
⚖️持仓: 10%,成本: 5.050, 目标: 10%, 上限: 20%
🔀MA150=4.819(f), sell=5.783, Clear=7.229
📦箱体网格: 未开启
⏳动态K=0.913，横盘评分=0.37
🟢[INFO]【海油】 (SH600938)
🕒时间: 2026.05.16.09:26
🍭区间: BOX_ZONE
💲当前: 36.510,上次:36.190（b）
⚖️持仓: 5%,成本: 36.510, 目标: 10%, 上限: 20%
🔀MA150=30.690(f), sell=36.828, Clear=46.035
📦箱体网格: 未开启
⏳动态K=0.934，横盘评分=0.16
🟢[INFO]【招行】 (SH600036)
🕒时间: 2026.05.16.09:26
🍭区间: BOX_ZONE
💲当前: 37.650,上次:37.900（b）
⚖️持仓: 8%,成本: 39.870, 目标: 10%, 上限: 20%
🔀MA150=34.910(f), sell=41.892, Clear=52.365
📦箱体网格: 未开启
⏳动态K=0.862，横盘评分=0.88
🟢[INFO]【永新】 (SZ002014)
🕒时间: 2026.05.16.09:26
🍭区间: BOX_ZONE
💲当前: 11.410,上次:11.650（b）
⚖️持仓: 10%,成本: 11.990, 目标: 10%, 上限: 20%
🔀MA150=11.137(f), sell=13.364, Clear=16.705
📦箱体网格: 未开启
⏳动态K=0.947，横盘评分=0.03
🟢[INFO]【纳指ETF】 (SZ159696)
🕒时间: 2026.05.16.09:26
🍭区间: BOX_ZONE
💲当前: 0.193,上次:0.192（b）
⚖️持仓: 10%,成本: 1.742, 目标: 10%, 上限: 20%
🔀MA150=0.161(f), sell=0.193, Clear=0.242
📦箱体网格: 未开启
⏳动态K=0.937，横盘评分=0.13
🟢[INFO]【海控】 (HK01919)
🕒时间: 2026.05.16.09:27
🍭区间: BOX_ZONE
💲当前: 14.830,上次:14.740（b）
⚖️持仓: 10%,成本: 14.740, 目标: 10%, 上限: 20%
🔀MA150=12.954(f), sell=15.544, Clear=19.431
📦箱体网格: 未开启
⏳动态K=0.931，横盘评分=0.19
🟢[INFO]【青岛港】 (SH601298)
🕒时间: 2026.05.16.09:27
🍭区间: BOX_ZONE
💲当前: 8.890,上次:9.070（b）
⚖️持仓: 10%,成本: 8.900, 目标: 10%, 上限: 20%
🔀MA150=7.845(f), sell=9.414, Clear=11.767
📦箱体网格: 未开启
⏳动态K=0.891，横盘评分=0.59
🟢[INFO]【陕能】 (SZ001286)
🕒时间: 2026.05.16.09:27
🍭区间: BOX_ZONE
💲当前: 11.490,上次:12.020（b）
⚖️持仓: 5%,成本: 11.490, 目标: 10%, 上限: 20%
🔀MA150=9.763(f), sell=11.715, Clear=14.644
📦箱体网格: 未开启
⏳动态K=0.950，横盘评分=0.00
🟢[INFO]【福耀】 (SH600660)
🕒时间: 2026.05.16.09:27
🍭区间: CHANCE_ZONE
💲当前: 56.000,上次:59.450（b）
⚖️持仓: 10%,成本: 59.101, 目标: 10%, 上限: 20%
🔀MA150=57.600(f), sell=69.120, Clear=86.400
🧱机会倒金字塔: 已开启，加仓0/8步，步长5%
⏳动态K=0.924，横盘评分=0.26
🟢[INFO]【腾讯】 (HK00700)
🕒时间: 2026.05.16.09:27
🍭区间: CHANCE_ZONE
💲当前: 456.400,上次:457.200（b）
⚖️持仓: 20%,成本: 483.600, 目标: 20%, 上限: 40%
🔀MA150=537.938(f), sell=645.526, Clear=753.114
🧱机会倒金字塔: 已开启，加仓0/8步，步长2.5%
⏳动态K=0.949，横盘评分=0.01
🟢[INFO]【紫金】 (SH601899)
🕒时间: 2026.05.16.09:27
🍭区间: BOX_ZONE
💲当前: 31.840,上次:34.580（b）
⚖️持仓: 7.5%,成本: 30.000, 目标: 10%, 上限: 20%
🔀MA150=31.555(f), sell=37.867, Clear=47.333
📦箱体网格: 未开启
⏳动态K=0.940，横盘评分=0.10
🟢[INFO]【铺子】 (SZ002847)
🕒时间: 2026.05.16.09:27
🍭区间: CHANCE_ZONE
💲当前: 56.000,上次:56.200（b）
⚖️持仓: 5%,成本: 55.160, 目标: 5%, 上限: 10%
🔀MA150=63.291(f), sell=75.949, Clear=94.936
🧱机会倒金字塔: 已开启，加仓0/8步，步长5%
⏳动态K=0.950，横盘评分=0.00
🟢[INFO]【南方DCF】 (SZ159232)
🕒时间: 2026.05.16.09:28
🍭区间: BOX_ZONE
💲当前: 1.286,上次:1.312（b）
⚖️持仓: 0%,成本: 0.251, 目标: 10%, 上限: 20%
🔀MA150=1.188(p), sell=1.426, Clear=1.783
📦箱体网格: 未开启
⏳动态K=0.920，横盘评分=0.53
🟢[INFO]【电信】 (HK00728)
🕒时间: 2026.05.16.09:28
🍭区间: BOX_ZONE
💲当前: 5.320,上次:5.460（b）
⚖️持仓: 10%,成本: 5.050, 目标: 10%, 上限: 20%
🔀MA150=4.819(f), sell=5.783, Clear=7.229
📦箱体网格: 未开启
⏳动态K=0.913，横盘评分=0.37
🟢[INFO]【海油】 (SH600938)
🕒时间: 2026.05.16.09:28
🍭区间: BOX_ZONE
💲当前: 36.510,上次:36.190（b）
⚖️持仓: 5%,成本: 36.510, 目标: 10%, 上限: 20%
🔀MA150=30.690(f), sell=36.828, Clear=46.035
📦箱体网格: 未开启
⏳动态K=0.934，横盘评分=0.16
🟢[INFO]【招行】 (SH600036)
🕒时间: 2026.05.16.09:28
🍭区间: BOX_ZONE
💲当前: 37.650,上次:37.900（b）
⚖️持仓: 8%,成本: 39.870, 目标: 10%, 上限: 20%
🔀MA150=34.910(f), sell=41.892, Clear=52.365
📦箱体网格: 未开启
⏳动态K=0.862，横盘评分=0.88
🟢[INFO]【永新】 (SZ002014)
🕒时间: 2026.05.16.09:28
🍭区间: BOX_ZONE
💲当前: 11.410,上次:11.650（b）
⚖️持仓: 10%,成本: 11.990, 目标: 10%, 上限: 20%
🔀MA150=11.137(f), sell=13.364, Clear=16.705
📦箱体网格: 未开启
⏳动态K=0.947，横盘评分=0.03
🟢[INFO]【纳指ETF】 (SZ159696)
🕒时间: 2026.05.16.09:28
🍭区间: BOX_ZONE
💲当前: 0.193,上次:0.192（b）
⚖️持仓: 10%,成本: 1.742, 目标: 10%, 上限: 20%
🔀MA150=0.161(f), sell=0.193, Clear=0.242
📦箱体网格: 未开启
⏳动态K=0.937，横盘评分=0.13
🟢[INFO]【海控】 (HK01919)
🕒时间: 2026.05.16.09:28
🍭区间: BOX_ZONE
💲当前: 14.830,上次:14.740（b）
⚖️持仓: 10%,成本: 14.740, 目标: 10%, 上限: 20%
🔀MA150=12.954(f), sell=15.544, Clear=19.431
📦箱体网格: 未开启
⏳动态K=0.931，横盘评分=0.19
🟢[INFO]【青岛港】 (SH601298)
🕒时间: 2026.05.16.09:28
🍭区间: BOX_ZONE
💲当前: 8.890,上次:9.070（b）
⚖️持仓: 10%,成本: 8.900, 目标: 10%, 上限: 20%
🔀MA150=7.845(f), sell=9.414, Clear=11.767
📦箱体网格: 未开启
⏳动态K=0.891，横盘评分=0.59
🟢[INFO]【陕能】 (SZ001286)
🕒时间: 2026.05.16.09:28
🍭区间: BOX_ZONE
💲当前: 11.490,上次:12.020（b）
⚖️持仓: 5%,成本: 11.490, 目标: 10%, 上限: 20%
🔀MA150=9.763(f), sell=11.715, Clear=14.644
📦箱体网格: 未开启
⏳动态K=0.950，横盘评分=0.00
🟢[INFO]【福耀】 (SH600660)
🕒时间: 2026.05.16.09:28
🍭区间: CHANCE_ZONE
💲当前: 56.000,上次:59.450（b）
⚖️持仓: 10%,成本: 59.101, 目标: 10%, 上限: 20%
🔀MA150=57.600(f), sell=69.120, Clear=86.400
🧱机会倒金字塔: 已开启，加仓0/8步，步长5%
⏳动态K=0.924，横盘评分=0.26
🟢[INFO]【腾讯】 (HK00700)
🕒时间: 2026.05.16.09:28
🍭区间: CHANCE_ZONE
💲当前: 456.400,上次:457.200（b）
⚖️持仓: 20%,成本: 483.600, 目标: 20%, 上限: 40%
🔀MA150=537.938(f), sell=645.526, Clear=753.114
🧱机会倒金字塔: 已开启，加仓0/8步，步长2.5%
⏳动态K=0.949，横盘评分=0.01
🟢[INFO]【紫金】 (SH601899)
🕒时间: 2026.05.16.09:28
🍭区间: BOX_ZONE
💲当前: 31.840,上次:34.580（b）
⚖️持仓: 7.5%,成本: 30.000, 目标: 10%, 上限: 20%
🔀MA150=31.555(f), sell=37.867, Clear=47.333
📦箱体网格: 未开启
⏳动态K=0.940，横盘评分=0.10
🟢[INFO]【铺子】 (SZ002847)
🕒时间: 2026.05.16.09:28
🍭区间: CHANCE_ZONE
💲当前: 56.000,上次:56.200（b）
⚖️持仓: 5%,成本: 55.160, 目标: 5%, 上限: 10%
🔀MA150=63.291(f), sell=75.949, Clear=94.936
🧱机会倒金字塔: 已开启，加仓0/8步，步长5%
⏳动态K=0.950，横盘评分=0.00
🟢[INFO]【南方DCF】 (SZ159232)
🕒时间: 2026.05.16.09:29
🍭区间: BOX_ZONE
💲当前: 1.286,上次:1.312（b）
⚖️持仓: 0%,成本: 0.251, 目标: 10%, 上限: 20%
🔀MA150=1.188(p), sell=1.426, Clear=1.783
📦箱体网格: 未开启
⏳动态K=0.920，横盘评分=0.53
🟢[INFO]【电信】 (HK00728)
🕒时间: 2026.05.16.09:29
🍭区间: BOX_ZONE
💲当前: 5.320,上次:5.460（b）
⚖️持仓: 10%,成本: 5.050, 目标: 10%, 上限: 20%
🔀MA150=4.819(f), sell=5.783, Clear=7.229
📦箱体网格: 未开启
⏳动态K=0.913，横盘评分=0.37
🟢[INFO]【海油】 (SH600938)
🕒时间: 2026.05.16.09:29
🍭区间: BOX_ZONE
💲当前: 36.510,上次:36.190（b）
⚖️持仓: 5%,成本: 36.510, 目标: 10%, 上限: 20%
🔀MA150=30.690(f), sell=36.828, Clear=46.035
📦箱体网格: 未开启
⏳动态K=0.934，横盘评分=0.16
🟢[INFO]【招行】 (SH600036)
🕒时间: 2026.05.16.09:29
🍭区间: BOX_ZONE
💲当前: 37.650,上次:37.900（b）
⚖️持仓: 8%,成本: 39.870, 目标: 10%, 上限: 20%
🔀MA150=34.910(f), sell=41.892, Clear=52.365
📦箱体网格: 未开启
⏳动态K=0.862，横盘评分=0.88
🟢[INFO]【永新】 (SZ002014)
🕒时间: 2026.05.16.09:29
🍭区间: BOX_ZONE
💲当前: 11.410,上次:11.650（b）
⚖️持仓: 10%,成本: 11.990, 目标: 10%, 上限: 20%
🔀MA150=11.137(f), sell=13.364, Clear=16.705
📦箱体网格: 未开启
⏳动态K=0.947，横盘评分=0.03
🟢[INFO]【纳指ETF】 (SZ159696)
🕒时间: 2026.05.16.09:29
🍭区间: BOX_ZONE
💲当前: 0.193,上次:0.192（b）
⚖️持仓: 10%,成本: 1.742, 目标: 10%, 上限: 20%
🔀MA150=0.161(f), sell=0.193, Clear=0.242
📦箱体网格: 未开启
⏳动态K=0.937，横盘评分=0.13
🟢[INFO]【海控】 (HK01919)
🕒时间: 2026.05.16.09:29
🍭区间: BOX_ZONE
💲当前: 14.830,上次:14.740（b）
⚖️持仓: 10%,成本: 14.740, 目标: 10%, 上限: 20%
🔀MA150=12.954(f), sell=15.544, Clear=19.431
📦箱体网格: 未开启
⏳动态K=0.931，横盘评分=0.19
🟢[INFO]【青岛港】 (SH601298)
🕒时间: 2026.05.16.09:29
🍭区间: BOX_ZONE
💲当前: 8.890,上次:9.070（b）
⚖️持仓: 10%,成本: 8.900, 目标: 10%, 上限: 20%
🔀MA150=7.845(f), sell=9.414, Clear=11.767
📦箱体网格: 未开启
⏳动态K=0.891，横盘评分=0.59
🟢[INFO]【陕能】 (SZ001286)
🕒时间: 2026.05.16.09:29
🍭区间: BOX_ZONE
💲当前: 11.490,上次:12.020（b）
⚖️持仓: 5%,成本: 11.490, 目标: 10%, 上限: 20%
🔀MA150=9.763(f), sell=11.715, Clear=14.644
📦箱体网格: 未开启
⏳动态K=0.950，横盘评分=0.00
🟢[INFO]【福耀】 (SH600660)
🕒时间: 2026.05.16.09:29
🍭区间: CHANCE_ZONE
💲当前: 56.000,上次:59.450（b）
⚖️持仓: 10%,成本: 59.101, 目标: 10%, 上限: 20%
🔀MA150=57.600(f), sell=69.120, Clear=86.400
🧱机会倒金字塔: 已开启，加仓0/8步，步长5%
⏳动态K=0.924，横盘评分=0.26
🟢[INFO]【腾讯】 (HK00700)
🕒时间: 2026.05.16.09:29
🍭区间: CHANCE_ZONE
💲当前: 456.400,上次:457.200（b）
⚖️持仓: 20%,成本: 483.600, 目标: 20%, 上限: 40%
🔀MA150=537.938(f), sell=645.526, Clear=753.114
🧱机会倒金字塔: 已开启，加仓0/8步，步长2.5%
⏳动态K=0.949，横盘评分=0.01
🟢[INFO]【紫金】 (SH601899)
🕒时间: 2026.05.16.09:29
🍭区间: BOX_ZONE
💲当前: 31.840,上次:34.580（b）
⚖️持仓: 7.5%,成本: 30.000, 目标: 10%, 上限: 20%
🔀MA150=31.555(f), sell=37.867, Clear=47.333
📦箱体网格: 未开启
⏳动态K=0.940，横盘评分=0.10
🟢[INFO]【铺子】 (SZ002847)
🕒时间: 2026.05.16.09:29
🍭区间: CHANCE_ZONE
💲当前: 56.000,上次:56.200（b）
⚖️持仓: 5%,成本: 55.160, 目标: 5%, 上限: 10%
🔀MA150=63.291(f), sell=75.949, Clear=94.936
🧱机会倒金字塔: 已开启，加仓0/8步，步长5%
⏳动态K=0.950，横盘评分=0.00
🟢[INFO]【南方DCF】 (SZ159232)
🕒时间: 2026.05.16.09:30
🍭区间: BOX_ZONE
💲当前: 1.286,上次:1.312（b）
⚖️持仓: 0%,成本: 0.251, 目标: 10%, 上限: 20%
🔀MA150=1.188(p), sell=1.426, Clear=1.783
📦箱体网格: 未开启
⏳动态K=0.920，横盘评分=0.53
🟢[INFO]【电信】 (HK00728)
🕒时间: 2026.05.16.09:31
🍭区间: BOX_ZONE
💲当前: 5.320,上次:5.460（b）
⚖️持仓: 10%,成本: 5.050, 目标: 10%, 上限: 20%
🔀MA150=4.819(f), sell=5.783, Clear=7.229
📦箱体网格: 未开启
⏳动态K=0.913，横盘评分=0.37
🟢[INFO]【海油】 (SH600938)
🕒时间: 2026.05.16.09:31
🍭区间: BOX_ZONE
💲当前: 36.510,上次:36.190（b）
⚖️持仓: 5%,成本: 36.510, 目标: 10%, 上限: 20%
🔀MA150=30.690(f), sell=36.828, Clear=46.035
📦箱体网格: 未开启
⏳动态K=0.934，横盘评分=0.16
🟢[INFO]【招行】 (SH600036)
🕒时间: 2026.05.16.09:31
🍭区间: BOX_ZONE
💲当前: 37.650,上次:37.900（b）
⚖️持仓: 8%,成本: 39.870, 目标: 10%, 上限: 20%
🔀MA150=34.910(f), sell=41.892, Clear=52.365
📦箱体网格: 未开启
⏳动态K=0.862，横盘评分=0.88
🟢[INFO]【永新】 (SZ002014)
🕒时间: 2026.05.16.09:31
🍭区间: BOX_ZONE
💲当前: 11.410,上次:11.650（b）
⚖️持仓: 10%,成本: 11.990, 目标: 10%, 上限: 20%
🔀MA150=11.137(f), sell=13.364, Clear=16.705
📦箱体网格: 未开启
⏳动态K=0.947，横盘评分=0.03
🟢[INFO]【纳指ETF】 (SZ159696)
🕒时间: 2026.05.16.09:31
🍭区间: BOX_ZONE
💲当前: 0.193,上次:0.192（b）
⚖️持仓: 10%,成本: 1.742, 目标: 10%, 上限: 20%
🔀MA150=0.161(f), sell=0.193, Clear=0.242
📦箱体网格: 未开启
⏳动态K=0.937，横盘评分=0.13
🟢[INFO]【海控】 (HK01919)
🕒时间: 2026.05.16.09:31
🍭区间: BOX_ZONE
💲当前: 14.830,上次:14.740（b）
⚖️持仓: 10%,成本: 14.740, 目标: 10%, 上限: 20%
🔀MA150=12.954(f), sell=15.544, Clear=19.431
📦箱体网格: 未开启
⏳动态K=0.931，横盘评分=0.19
🟢[INFO]【青岛港】 (SH601298)
🕒时间: 2026.05.16.09:31
🍭区间: BOX_ZONE
💲当前: 8.890,上次:9.070（b）
⚖️持仓: 10%,成本: 8.900, 目标: 10%, 上限: 20%
🔀MA150=7.845(f), sell=9.414, Clear=11.767
📦箱体网格: 未开启
⏳动态K=0.891，横盘评分=0.59
🟢[INFO]【陕能】 (SZ001286)
🕒时间: 2026.05.16.09:31
🍭区间: BOX_ZONE
💲当前: 11.490,上次:12.020（b）
⚖️持仓: 5%,成本: 11.490, 目标: 10%, 上限: 20%
🔀MA150=9.763(f), sell=11.715, Clear=14.644
📦箱体网格: 未开启
⏳动态K=0.950，横盘评分=0.00
🟢[INFO]【福耀】 (SH600660)
🕒时间: 2026.05.16.09:31
🍭区间: CHANCE_ZONE
💲当前: 56.000,上次:59.450（b）
⚖️持仓: 10%,成本: 59.101, 目标: 10%, 上限: 20%
🔀MA150=57.600(f), sell=69.120, Clear=86.400
🧱机会倒金字塔: 已开启，加仓0/8步，步长5%
⏳动态K=0.924，横盘评分=0.26
🟢[INFO]【腾讯】 (HK00700)
🕒时间: 2026.05.16.09:31
🍭区间: CHANCE_ZONE
💲当前: 456.400,上次:457.200（b）
⚖️持仓: 20%,成本: 483.600, 目标: 20%, 上限: 40%
🔀MA150=537.938(f), sell=645.526, Clear=753.114
🧱机会倒金字塔: 已开启，加仓0/8步，步长2.5%
⏳动态K=0.949，横盘评分=0.01
🟢[INFO]【紫金】 (SH601899)
🕒时间: 2026.05.16.09:31
🍭区间: BOX_ZONE
💲当前: 31.840,上次:34.580（b）
⚖️持仓: 7.5%,成本: 30.000, 目标: 10%, 上限: 20%
🔀MA150=31.555(f), sell=37.867, Clear=47.333
📦箱体网格: 未开启
⏳动态K=0.940，横盘评分=0.10
🟢[INFO]【铺子】 (SZ002847)
🕒时间: 2026.05.16.09:31
🍭区间: CHANCE_ZONE
💲当前: 56.000,上次:56.200（b）
⚖️持仓: 5%,成本: 55.160, 目标: 5%, 上限: 10%
🔀MA150=63.291(f), sell=75.949, Clear=94.936
🧱机会倒金字塔: 已开启，加仓0/8步，步长5%
⏳动态K=0.950，横盘评分=0.00
🟢[INFO]【南方DCF】 (SZ159232)
🕒时间: 2026.05.16.09:32
🍭区间: BOX_ZONE
💲当前: 1.286,上次:1.312（b）
⚖️持仓: 0%,成本: 0.251, 目标: 10%, 上限: 20%
🔀MA150=1.188(p), sell=1.426, Clear=1.783
📦箱体网格: 未开启
⏳动态K=0.920，横盘评分=0.53
🟢[INFO]【电信】 (HK00728)
🕒时间: 2026.05.16.09:32
🍭区间: BOX_ZONE
💲当前: 5.320,上次:5.460（b）
⚖️持仓: 10%,成本: 5.050, 目标: 10%, 上限: 20%
🔀MA150=4.819(f), sell=5.783, Clear=7.229
📦箱体网格: 未开启
⏳动态K=0.913，横盘评分=0.37
🟢[INFO]【海油】 (SH600938)
🕒时间: 2026.05.16.09:32
🍭区间: BOX_ZONE
💲当前: 36.510,上次:36.190（b）
⚖️持仓: 5%,成本: 36.510, 目标: 10%, 上限: 20%
🔀MA150=30.690(f), sell=36.828, Clear=46.035
📦箱体网格: 未开启
⏳动态K=0.934，横盘评分=0.16
🟢[INFO]【招行】 (SH600036)
🕒时间: 2026.05.16.09:32
🍭区间: BOX_ZONE
💲当前: 37.650,上次:37.900（b）
⚖️持仓: 8%,成本: 39.870, 目标: 10%, 上限: 20%
🔀MA150=34.910(f), sell=41.892, Clear=52.365
📦箱体网格: 未开启
⏳动态K=0.862，横盘评分=0.88
🟢[INFO]【永新】 (SZ002014)
🕒时间: 2026.05.16.09:32
🍭区间: BOX_ZONE
💲当前: 11.410,上次:11.650（b）
⚖️持仓: 10%,成本: 11.990, 目标: 10%, 上限: 20%
🔀MA150=11.137(f), sell=13.364, Clear=16.705
📦箱体网格: 未开启
⏳动态K=0.947，横盘评分=0.03
🟢[INFO]【纳指ETF】 (SZ159696)
🕒时间: 2026.05.16.09:33
🍭区间: BOX_ZONE
💲当前: 0.193,上次:0.192（b）
⚖️持仓: 10%,成本: 1.742, 目标: 10%, 上限: 20%
🔀MA150=0.161(f), sell=0.193, Clear=0.242
📦箱体网格: 未开启
⏳动态K=0.937，横盘评分=0.13
🟢[INFO]【海控】 (HK01919)
🕒时间: 2026.05.16.09:33
🍭区间: BOX_ZONE
💲当前: 14.830,上次:14.740（b）
⚖️持仓: 10%,成本: 14.740, 目标: 10%, 上限: 20%
🔀MA150=12.954(f), sell=15.544, Clear=19.431
📦箱体网格: 未开启
⏳动态K=0.931，横盘评分=0.19
🟢[INFO]【青岛港】 (SH601298)
🕒时间: 2026.05.16.09:33
🍭区间: BOX_ZONE
💲当前: 8.890,上次:9.070（b）
⚖️持仓: 10%,成本: 8.900, 目标: 10%, 上限: 20%
🔀MA150=7.845(f), sell=9.414, Clear=11.767
📦箱体网格: 未开启
⏳动态K=0.891，横盘评分=0.59
🟢[INFO]【陕能】 (SZ001286)
🕒时间: 2026.05.16.09:33
🍭区间: BOX_ZONE
💲当前: 11.490,上次:12.020（b）
⚖️持仓: 5%,成本: 11.490, 目标: 10%, 上限: 20%
🔀MA150=9.763(f), sell=11.715, Clear=14.644
📦箱体网格: 未开启
⏳动态K=0.950，横盘评分=0.00
🟢[INFO]【福耀】 (SH600660)
🕒时间: 2026.05.16.09:33
🍭区间: CHANCE_ZONE
💲当前: 56.000,上次:59.450（b）
⚖️持仓: 10%,成本: 59.101, 目标: 10%, 上限: 20%
🔀MA150=57.600(f), sell=69.120, Clear=86.400
🧱机会倒金字塔: 已开启，加仓0/8步，步长5%
⏳动态K=0.924，横盘评分=0.26
🟢[INFO]【腾讯】 (HK00700)
🕒时间: 2026.05.16.09:33
🍭区间: CHANCE_ZONE
💲当前: 456.400,上次:457.200（b）
⚖️持仓: 20%,成本: 483.600, 目标: 20%, 上限: 40%
🔀MA150=537.938(f), sell=645.526, Clear=753.114
🧱机会倒金字塔: 已开启，加仓0/8步，步长2.5%
⏳动态K=0.949，横盘评分=0.01
🟢[INFO]【紫金】 (SH601899)
🕒时间: 2026.05.16.09:33
🍭区间: BOX_ZONE
💲当前: 31.840,上次:34.580（b）
⚖️持仓: 7.5%,成本: 30.000, 目标: 10%, 上限: 20%
🔀MA150=31.555(f), sell=37.867, Clear=47.333
📦箱体网格: 未开启
⏳动态K=0.940，横盘评分=0.10
🟢[INFO]【铺子】 (SZ002847)
🕒时间: 2026.05.16.09:33
🍭区间: CHANCE_ZONE
💲当前: 56.000,上次:56.200（b）
⚖️持仓: 5%,成本: 55.160, 目标: 5%, 上限: 10%
🔀MA150=63.291(f), sell=75.949, Clear=94.936
🧱机会倒金字塔: 已开启，加仓0/8步，步长5%
⏳动态K=0.950，横盘评分=0.00
🟢[INFO]【南方DCF】 (SZ159232)
🕒时间: 2026.05.16.09:34
🍭区间: BOX_ZONE
💲当前: 1.286,上次:1.312（b）
⚖️持仓: 0%,成本: 0.251, 目标: 10%, 上限: 20%
🔀MA150=1.188(p), sell=1.426, Clear=1.783
📦箱体网格: 未开启
⏳动态K=0.920，横盘评分=0.53
🟢[INFO]【电信】 (HK00728)
🕒时间: 2026.05.16.09:34
🍭区间: BOX_ZONE
💲当前: 5.320,上次:5.460（b）
⚖️持仓: 10%,成本: 5.050, 目标: 10%, 上限: 20%
🔀MA150=4.819(f), sell=5.783, Clear=7.229
📦箱体网格: 未开启
⏳动态K=0.913，横盘评分=0.37
🟢[INFO]【海油】 (SH600938)
🕒时间: 2026.05.16.09:34
🍭区间: BOX_ZONE
💲当前: 36.510,上次:36.190（b）
⚖️持仓: 5%,成本: 36.510, 目标: 10%, 上限: 20%
🔀MA150=30.690(f), sell=36.828, Clear=46.035
📦箱体网格: 未开启
⏳动态K=0.934，横盘评分=0.16
🟢[INFO]【招行】 (SH600036)
🕒时间: 2026.05.16.09:34
🍭区间: BOX_ZONE
💲当前: 37.650,上次:37.900（b）
⚖️持仓: 8%,成本: 39.870, 目标: 10%, 上限: 20%
🔀MA150=34.910(f), sell=41.892, Clear=52.365
📦箱体网格: 未开启
⏳动态K=0.862，横盘评分=0.88
🟢[INFO]【永新】 (SZ002014)
🕒时间: 2026.05.16.09:34
🍭区间: BOX_ZONE
💲当前: 11.410,上次:11.650（b）
⚖️持仓: 10%,成本: 11.990, 目标: 10%, 上限: 20%
🔀MA150=11.137(f), sell=13.364, Clear=16.705
📦箱体网格: 未开启
⏳动态K=0.947，横盘评分=0.03
🟢[INFO]【纳指ETF】 (SZ159696)
🕒时间: 2026.05.16.09:34
🍭区间: BOX_ZONE
💲当前: 0.193,上次:0.192（b）
⚖️持仓: 10%,成本: 1.742, 目标: 10%, 上限: 20%
🔀MA150=0.161(f), sell=0.193, Clear=0.242
📦箱体网格: 未开启
⏳动态K=0.937，横盘评分=0.13
🟢[INFO]【海控】 (HK01919)
🕒时间: 2026.05.16.09:34
🍭区间: BOX_ZONE
💲当前: 14.830,上次:14.740（b）
⚖️持仓: 10%,成本: 14.740, 目标: 10%, 上限: 20%
🔀MA150=12.954(f), sell=15.544, Clear=19.431
📦箱体网格: 未开启
⏳动态K=0.931，横盘评分=0.19
🟢[INFO]【青岛港】 (SH601298)
🕒时间: 2026.05.16.09:34
🍭区间: BOX_ZONE
💲当前: 8.890,上次:9.070（b）
⚖️持仓: 10%,成本: 8.900, 目标: 10%, 上限: 20%
🔀MA150=7.845(f), sell=9.414, Clear=11.767
📦箱体网格: 未开启
⏳动态K=0.891，横盘评分=0.59
🟢[INFO]【陕能】 (SZ001286)
🕒时间: 2026.05.16.09:34
🍭区间: BOX_ZONE
💲当前: 11.490,上次:12.020（b）
⚖️持仓: 5%,成本: 11.490, 目标: 10%, 上限: 20%
🔀MA150=9.763(f), sell=11.715, Clear=14.644
📦箱体网格: 未开启
⏳动态K=0.950，横盘评分=0.00
🟢[INFO]【福耀】 (SH600660)
🕒时间: 2026.05.16.09:34
🍭区间: CHANCE_ZONE
💲当前: 56.000,上次:59.450（b）
⚖️持仓: 10%,成本: 59.101, 目标: 10%, 上限: 20%
🔀MA150=57.600(f), sell=69.120, Clear=86.400
🧱机会倒金字塔: 已开启，加仓0/8步，步长5%
⏳动态K=0.924，横盘评分=0.26
🟢[INFO]【腾讯】 (HK00700)
🕒时间: 2026.05.16.09:34
🍭区间: CHANCE_ZONE
💲当前: 456.400,上次:457.200（b）
⚖️持仓: 20%,成本: 483.600, 目标: 20%, 上限: 40%
🔀MA150=537.938(f), sell=645.526, Clear=753.114
🧱机会倒金字塔: 已开启，加仓0/8步，步长2.5%
⏳动态K=0.949，横盘评分=0.01
🟢[INFO]【紫金】 (SH601899)
🕒时间: 2026.05.16.09:34
🍭区间: BOX_ZONE
💲当前: 31.840,上次:34.580（b）
⚖️持仓: 7.5%,成本: 30.000, 目标: 10%, 上限: 20%
🔀MA150=31.555(f), sell=37.867, Clear=47.333
📦箱体网格: 未开启
⏳动态K=0.940，横盘评分=0.10
🟢[INFO]【铺子】 (SZ002847)
🕒时间: 2026.05.16.09:34
🍭区间: CHANCE_ZONE
💲当前: 56.000,上次:56.200（b）
⚖️持仓: 5%,成本: 55.160, 目标: 5%, 上限: 10%
🔀MA150=63.291(f), sell=75.949, Clear=94.936
🧱机会倒金字塔: 已开启，加仓0/8步，步长5%
⏳动态K=0.950，横盘评分=0.00
🟢[INFO]【南方DCF】 (SZ159232)
🕒时间: 2026.05.16.09:35
🍭区间: BOX_ZONE
💲当前: 1.286,上次:1.312（b）
⚖️持仓: 0%,成本: 0.251, 目标: 10%, 上限: 20%
🔀MA150=1.188(p), sell=1.426, Clear=1.783
📦箱体网格: 未开启
⏳动态K=0.920，横盘评分=0.53
🟢[INFO]【电信】 (HK00728)
🕒时间: 2026.05.16.09:35
🍭区间: BOX_ZONE
💲当前: 5.320,上次:5.460（b）
⚖️持仓: 10%,成本: 5.050, 目标: 10%, 上限: 20%
🔀MA150=4.819(f), sell=5.783, Clear=7.229
📦箱体网格: 未开启
⏳动态K=0.913，横盘评分=0.37
🟢[INFO]【海油】 (SH600938)
🕒时间: 2026.05.16.09:35
🍭区间: BOX_ZONE
💲当前: 36.510,上次:36.190（b）
⚖️持仓: 5%,成本: 36.510, 目标: 10%, 上限: 20%
🔀MA150=30.690(f), sell=36.828, Clear=46.035
📦箱体网格: 未开启
⏳动态K=0.934，横盘评分=0.16
🟢[INFO]【招行】 (SH600036)
🕒时间: 2026.05.16.09:35
🍭区间: BOX_ZONE
💲当前: 37.650,上次:37.900（b）
⚖️持仓: 8%,成本: 39.870, 目标: 10%, 上限: 20%
🔀MA150=34.910(f), sell=41.892, Clear=52.365
📦箱体网格: 未开启
⏳动态K=0.862，横盘评分=0.88
🟢[INFO]【永新】 (SZ002014)
🕒时间: 2026.05.16.09:35
🍭区间: BOX_ZONE
💲当前: 11.410,上次:11.650（b）
⚖️持仓: 10%,成本: 11.990, 目标: 10%, 上限: 20%
🔀MA150=11.137(f), sell=13.364, Clear=16.705
📦箱体网格: 未开启
⏳动态K=0.947，横盘评分=0.03
🟢[INFO]【纳指ETF】 (SZ159696)
🕒时间: 2026.05.16.09:35
🍭区间: BOX_ZONE
💲当前: 0.193,上次:0.192（b）
⚖️持仓: 10%,成本: 1.742, 目标: 10%, 上限: 20%
🔀MA150=0.161(f), sell=0.193, Clear=0.242
📦箱体网格: 未开启
⏳动态K=0.937，横盘评分=0.13
🟢[INFO]【海控】 (HK01919)
🕒时间: 2026.05.16.09:35
🍭区间: BOX_ZONE
💲当前: 14.830,上次:14.740（b）
⚖️持仓: 10%,成本: 14.740, 目标: 10%, 上限: 20%
🔀MA150=12.954(f), sell=15.544, Clear=19.431
📦箱体网格: 未开启
⏳动态K=0.931，横盘评分=0.19
🟢[INFO]【青岛港】 (SH601298)
🕒时间: 2026.05.16.09:35
🍭区间: BOX_ZONE
💲当前: 8.890,上次:9.070（b）
⚖️持仓: 10%,成本: 8.900, 目标: 10%, 上限: 20%
🔀MA150=7.845(f), sell=9.414, Clear=11.767
📦箱体网格: 未开启
⏳动态K=0.891，横盘评分=0.59
🟢[INFO]【陕能】 (SZ001286)
🕒时间: 2026.05.16.09:35
🍭区间: BOX_ZONE
💲当前: 11.490,上次:12.020（b）
⚖️持仓: 5%,成本: 11.490, 目标: 10%, 上限: 20%
🔀MA150=9.763(f), sell=11.715, Clear=14.644
📦箱体网格: 未开启
⏳动态K=0.950，横盘评分=0.00
🟢[INFO]【福耀】 (SH600660)
🕒时间: 2026.05.16.09:35
🍭区间: CHANCE_ZONE
💲当前: 56.000,上次:59.450（b）
⚖️持仓: 10%,成本: 59.101, 目标: 10%, 上限: 20%
🔀MA150=57.600(f), sell=69.120, Clear=86.400
🧱机会倒金字塔: 已开启，加仓0/8步，步长5%
⏳动态K=0.924，横盘评分=0.26
🟢[INFO]【腾讯】 (HK00700)
🕒时间: 2026.05.16.09:35
🍭区间: CHANCE_ZONE
💲当前: 456.400,上次:457.200（b）
⚖️持仓: 20%,成本: 483.600, 目标: 20%, 上限: 40%
🔀MA150=537.938(f), sell=645.526, Clear=753.114
🧱机会倒金字塔: 已开启，加仓0/8步，步长2.5%
⏳动态K=0.949，横盘评分=0.01
🟢[INFO]【紫金】 (SH601899)
🕒时间: 2026.05.16.09:35
🍭区间: BOX_ZONE
💲当前: 31.840,上次:34.580（b）
⚖️持仓: 7.5%,成本: 30.000, 目标: 10%, 上限: 20%
🔀MA150=31.555(f), sell=37.867, Clear=47.333
📦箱体网格: 未开启
⏳动态K=0.940，横盘评分=0.10
🟢[INFO]【铺子】 (SZ002847)
🕒时间: 2026.05.16.09:35
🍭区间: CHANCE_ZONE
💲当前: 56.000,上次:56.200（b）
⚖️持仓: 5%,成本: 55.160, 目标: 5%, 上限: 10%
🔀MA150=63.291(f), sell=75.949, Clear=94.936
🧱机会倒金字塔: 已开启，加仓0/8步，步长5%
⏳动态K=0.950，横盘评分=0.00
🟢[INFO]【南方DCF】 (SZ159232)
🕒时间: 2026.05.16.09:36
🍭区间: BOX_ZONE
💲当前: 1.286,上次:1.312（b）
⚖️持仓: 0%,成本: 0.251, 目标: 10%, 上限: 20%
🔀MA150=1.188(p), sell=1.426, Clear=1.783
📦箱体网格: 未开启
⏳动态K=0.920，横盘评分=0.53
🟢[INFO]【电信】 (HK00728)
🕒时间: 2026.05.16.09:36
🍭区间: BOX_ZONE
💲当前: 5.320,上次:5.460（b）
⚖️持仓: 10%,成本: 5.050, 目标: 10%, 上限: 20%
🔀MA150=4.819(f), sell=5.783, Clear=7.229
📦箱体网格: 未开启
⏳动态K=0.913，横盘评分=0.37
🟢[INFO]【海油】 (SH600938)
🕒时间: 2026.05.16.09:37
🍭区间: BOX_ZONE
💲当前: 36.510,上次:36.190（b）
⚖️持仓: 5%,成本: 36.510, 目标: 10%, 上限: 20%
🔀MA150=30.690(f), sell=36.828, Clear=46.035
📦箱体网格: 未开启
⏳动态K=0.934，横盘评分=0.16
🟢[INFO]【招行】 (SH600036)
🕒时间: 2026.05.16.09:37
🍭区间: BOX_ZONE
💲当前: 37.650,上次:37.900（b）
⚖️持仓: 8%,成本: 39.870, 目标: 10%, 上限: 20%
🔀MA150=34.910(f), sell=41.892, Clear=52.365
📦箱体网格: 未开启
⏳动态K=0.862，横盘评分=0.88
============================================================
DCF策略启动完成
当前时间: 2026-05-16 09:37:07
============================================================
📌 各标的策略运行状态:
 🟢 南方DCF: ON
 🟢 电信: ON
 🟢 海油: ON
 🟢 招行: ON
 🟢 永新: ON
 🟢 纳指ETF: ON
 🟢 海控: ON
 🟢 青岛港: ON
 🟢 陕能: ON
 🟢 福耀: ON
 🟢 腾讯: ON
 🟢 紫金: ON
 🟢 铺子: ON
============================================================
🟢[INFO]【南方DCF】 (SZ159232)
🕒时间: 2026.05.16.09:37
🍭区间: BOX_ZONE
💲当前: 1.286,上次:1.312（b）
⚖️持仓: 0%,成本: 0.251, 目标: 10%, 上限: 20%
🔀MA150=1.188(p), sell=1.426, Clear=1.783
📦箱体网格: 未开启
⏳动态K=0.920，横盘评分=0.53
🟢[INFO]【电信】 (HK00728)
🕒时间: 2026.05.16.09:37
🍭区间: BOX_ZONE
💲当前: 5.320,上次:5.460（b）
⚖️持仓: 10%,成本: 5.050, 目标: 10%, 上限: 20%
🔀MA150=4.866(f), sell=5.839, Clear=7.299
📦箱体网格: 未开启
⏳动态K=0.912，横盘评分=0.38
🟢[INFO]【海油】 (SH600938)
🕒时间: 2026.05.16.09:37
🍭区间: BOX_ZONE
💲当前: 36.510,上次:36.190（b）
⚖️持仓: 5%,成本: 36.510, 目标: 10%, 上限: 20%
🔀MA150=30.690(f), sell=36.828, Clear=46.035
📦箱体网格: 未开启
⏳动态K=0.934，横盘评分=0.16
🟢[INFO]【招行】 (SH600036)
🕒时间: 2026.05.16.09:37
🍭区间: BOX_ZONE
💲当前: 37.650,上次:37.900（b）
⚖️持仓: 8%,成本: 39.870, 目标: 10%, 上限: 20%
🔀MA150=34.910(f), sell=41.892, Clear=52.365
📦箱体网格: 未开启
⏳动态K=0.862，横盘评分=0.88
🟢[INFO]【永新】 (SZ002014)
🕒时间: 2026.05.16.09:37
🍭区间: BOX_ZONE
💲当前: 11.410,上次:11.650（b）
⚖️持仓: 10%,成本: 11.990, 目标: 10%, 上限: 20%
🔀MA150=11.137(f), sell=13.364, Clear=16.705
📦箱体网格: 未开启
⏳动态K=0.947，横盘评分=0.03
🟢[INFO]【纳指ETF】 (SZ159696)
🕒时间: 2026.05.16.09:37
🍭区间: BOX_ZONE
💲当前: 0.193,上次:0.192（b）
⚖️持仓: 10%,成本: 1.742, 目标: 10%, 上限: 20%
🔀MA150=0.161(f), sell=0.193, Clear=0.242
📦箱体网格: 未开启
⏳动态K=0.937，横盘评分=0.13
🟢[INFO]【海控】 (HK01919)
🕒时间: 2026.05.16.09:37
🍭区间: BOX_ZONE
💲当前: 14.830,上次:14.740（b）
⚖️持仓: 10%,成本: 14.740, 目标: 10%, 上限: 20%
🔀MA150=13.183(f), sell=15.820, Clear=19.775
📦箱体网格: 未开启
⏳动态K=0.934，横盘评分=0.16
🟢[INFO]【青岛港】 (SH601298)
🕒时间: 2026.05.16.09:37
🍭区间: BOX_ZONE
💲当前: 8.890,上次:9.070（b）
⚖️持仓: 10%,成本: 8.900, 目标: 10%, 上限: 20%
🔀MA150=7.845(f), sell=9.414, Clear=11.767
📦箱体网格: 未开启
⏳动态K=0.891，横盘评分=0.59
🟢[INFO]【陕能】 (SZ001286)
🕒时间: 2026.05.16.09:37
🍭区间: BOX_ZONE
💲当前: 11.490,上次:12.020（b）
⚖️持仓: 5%,成本: 11.490, 目标: 10%, 上限: 20%
🔀MA150=9.763(f), sell=11.715, Clear=14.644
📦箱体网格: 未开启
⏳动态K=0.950，横盘评分=0.00
🟢[INFO]【福耀】 (SH600660)
🕒时间: 2026.05.16.09:37
🍭区间: CHANCE_ZONE
💲当前: 56.000,上次:59.450（b）
⚖️持仓: 10%,成本: 59.101, 目标: 10%, 上限: 20%
🔀MA150=57.600(f), sell=69.120, Clear=86.400
🧱机会倒金字塔: 已开启，加仓0/8步，步长5%
⏳动态K=0.924，横盘评分=0.26
🟢[INFO]【腾讯】 (HK00700)
🕒时间: 2026.05.16.09:37
🍭区间: CHANCE_ZONE
💲当前: 456.400,上次:457.200（b）
⚖️持仓: 20%,成本: 483.600, 目标: 20%, 上限: 40%
🔀MA150=538.043(f), sell=645.651, Clear=753.260
🧱机会倒金字塔: 已开启，加仓0/8步，步长2.5%
⏳动态K=0.948，横盘评分=0.02
🟢[INFO]【紫金】 (SH601899)
🕒时间: 2026.05.16.09:37
🍭区间: BOX_ZONE
💲当前: 31.840,上次:34.580（b）
⚖️持仓: 7.5%,成本: 30.000, 目标: 10%, 上限: 20%
🔀MA150=31.555(f), sell=37.867, Clear=47.333
📦箱体网格: 未开启
⏳动态K=0.940，横盘评分=0.10
🟢[INFO]【铺子】 (SZ002847)
🕒时间: 2026.05.16.09:37
🍭区间: CHANCE_ZONE
💲当前: 56.000,上次:56.200（b）
⚖️持仓: 5%,成本: 55.160, 目标: 5%, 上限: 10%
🔀MA150=63.291(f), sell=75.949, Clear=94.936
🧱机会倒金字塔: 已开启，加仓0/8步，步长5%
⏳动态K=0.950，横盘评分=0.00
